<?xml version="1.0" encoding="UTF-8"?>
<!-- Generated by org.testng.reporters.JUnitReportReporter -->
<testsuite hostname="DESKTOP-DB6NLOV" failures="0" tests="1" name="com.rameshsoft.automation.businessscript.InstTest" time="5.498" errors="0" timestamp="2024-06-20T16:28:07 IST" skipped="0">
  <testcase classname="com.rameshsoft.automation.businessscript.InstTest" name="insta" time="5.498"/>
  <system-out/>
</testsuite> <!-- com.rameshsoft.automation.businessscript.InstTest -->
