<?xml version="1.0" encoding="UTF-8"?>
<!-- Generated by org.testng.reporters.JUnitReportReporter -->
<testsuite hostname="DESKTOP-DB6NLOV" failures="0" tests="1" name="com.rameshsoft.automation.businessscript.DatePickersWebTableProg" time="2.972" errors="0" timestamp="2024-06-23T18:11:51 IST" skipped="0">
  <testcase classname="com.rameshsoft.automation.businessscript.DatePickersWebTableProg" name="webTables" time="2.972"/>
  <system-out/>
</testsuite> <!-- com.rameshsoft.automation.businessscript.DatePickersWebTableProg -->
