<?xml version="1.0" encoding="UTF-8"?>
<!-- Generated by org.testng.reporters.JUnitReportReporter -->
<testsuite hostname="DESKTOP-DB6NLOV" failures="0" tests="1" name="com.rameshsoft.automation.businessscript.GmailTest" time="11.649" errors="0" timestamp="2024-06-20T16:28:07 IST" skipped="0">
  <testcase classname="com.rameshsoft.automation.businessscript.GmailTest" name="gmailTest" time="11.649"/>
  <system-out/>
</testsuite> <!-- com.rameshsoft.automation.businessscript.GmailTest -->
