<?xml version="1.0" encoding="UTF-8"?>
<!-- Generated by org.testng.reporters.JUnitReportReporter -->
<testsuite hostname="DESKTOP-DB6NLOV" failures="0" tests="1" name="com.rameshsoft.automation.businessscript.AmazonTest" time="2.541" errors="0" timestamp="2024-06-24T15:26:53 IST" skipped="0">
  <testcase classname="com.rameshsoft.automation.businessscript.AmazonTest" name="amazonTest" time="2.541"/>
  <system-out/>
</testsuite> <!-- com.rameshsoft.automation.businessscript.AmazonTest -->
